This is XeTeX, Version 3.14159265-2.6-0.99998 (TeX Live 2017/Arch Linux) (preloaded format=xelatex 2017.10.25)  9 NOV 2017 01:10
entering extended mode
 restricted \write18 enabled.
 %&-line parsing enabled.
**git_mercurial.tex
(./git_mercurial.tex
LaTeX2e <2017-04-15>
Babel <3.12> and hyphenation patterns for 84 language(s) loaded.
! Undefined control sequence.
l.1 \section
            {Git vs Mercurial}
? X
 
Here is how much of TeX's memory you used:
 4 strings out of 492998
 66 string characters out of 6139960
 61708 words of memory out of 5000000
 4084 multiletter control sequences out of 15000+600000
 3640 words of font info for 14 fonts, out of 8000000 for 9000
 1348 hyphenation exceptions out of 8191
 5i,0n,1p,48b,8s stack positions out of 5000i,500n,10000p,200000b,80000s
No pages of output.
